<?xml version="1.0" encoding="UTF-8"?>
<!-- Generated by org.testng.reporters.JUnitXMLReporter -->
<testsuite ignored="0" hostname="Kathirvels-Mac-mini.local" failures="0" tests="2" name="Default test" time="26.609" errors="0" timestamp="2026-01-14T13:19:07 CST">
  <testcase classname="io.cucumber.testng.AbstractTestNGCucumberTests" name="runScenario" time="6.136"/>
  <testcase classname="io.cucumber.testng.AbstractTestNGCucumberTests" name="runScenario" time="20.218"/>
</testsuite> <!-- Default test -->
