<?xml version="1.0" encoding="UTF-8"?>
<!-- Generated by org.testng.reporters.JUnitXMLReporter -->
<testsuite ignored="0" hostname="Kathirvels-Mac-mini.local" failures="0" tests="2" name="Error Validations Test" time="46.175" errors="0" timestamp="2025-12-19T11:04:28 CST">
  <testcase classname="frameworktest.ErrorValidationsTest" name="loginErrorValidation" time="4.989"/>
  <testcase classname="frameworktest.ErrorValidationsTest" name="productErrorValidation" time="15.735"/>
</testsuite> <!-- Error Validations Test -->
