<?xml version="1.0" encoding="UTF-8"?>
<!-- Generated by org.testng.reporters.JUnitXMLReporter -->
<testsuite ignored="0" hostname="Kathirvels-Mac-mini.local" failures="0" tests="3" name="Submit Order Test" time="46.747" errors="0" timestamp="2026-01-14T11:02:41 CST">
  <testcase classname="frameworktest.SubmitOrderTest" name="submitOrder" time="18.007"/>
  <testcase classname="frameworktest.SubmitOrderTest" name="submitOrder" time="14.481"/>
  <testcase classname="frameworktest.SubmitOrderTest" name="OrderHistoryTest" time="4.248"/>
</testsuite> <!-- Submit Order Test -->
