<?xml version="1.0" encoding="UTF-8"?>
<!-- Generated by org.testng.reporters.JUnitXMLReporter -->
<testsuite ignored="0" hostname="Kathirvels-Mac-mini.local" failures="0" tests="3" name="Submit Order Test" time="45.067" errors="0" timestamp="2026-01-12T11:16:18 CST">
  <testcase classname="frameworktest.SubmitOrderTest" name="submitOrder" time="15.495"/>
  <testcase classname="frameworktest.SubmitOrderTest" name="submitOrder" time="17.618"/>
  <testcase classname="frameworktest.SubmitOrderTest" name="OrderHistoryTest" time="1.356"/>
</testsuite> <!-- Submit Order Test -->
