<?xml version="1.0" encoding="UTF-8"?>
<!-- Generated by org.testng.reporters.JUnitReportReporter -->
<testsuite hostname="Kathirvels-Mac-mini.local" failures="0" tests="3" name="frameworktest.SubmitOrderTest" time="46.721" errors="0" timestamp="2026-01-14T11:02:41 CST" skipped="0">
  <testcase classname="frameworktest.SubmitOrderTest" name="submitOrder" time="22.492"/>
  <testcase classname="frameworktest.SubmitOrderTest" name="OrderHistoryTest" time="6.357"/>
  <testcase classname="frameworktest.SubmitOrderTest" name="submitOrder" time="17.872"/>
</testsuite> <!-- frameworktest.SubmitOrderTest -->
