<?xml version="1.0" encoding="UTF-8"?>
<!-- Generated by org.testng.reporters.JUnitReportReporter -->
<testsuite hostname="Kathirvels-Mac-mini.local" failures="0" tests="2" name="frameworktest.ErrorValidationsTest" time="46.169" errors="0" timestamp="2025-12-19T11:04:28 CST" skipped="0">
  <testcase classname="frameworktest.ErrorValidationsTest" name="productErrorValidation" time="28.052"/>
  <testcase classname="frameworktest.ErrorValidationsTest" name="loginErrorValidation" time="18.117"/>
</testsuite> <!-- frameworktest.ErrorValidationsTest -->
